0 verbose cli C:\Program Files\nodejs\node.exe C:\Users\João\AppData\Roaming\npm\node_modules\npm\bin\npm-cli.js
1 info using npm@11.3.0
2 info using node@v22.15.0
3 silly config load:file:C:\Users\João\AppData\Roaming\npm\node_modules\npm\npmrc
4 silly config load:file:C:\Development\Orange HRM\primeiros-passos-cypress\.npmrc
5 silly config load:file:C:\Users\João\.npmrc
6 silly config load:file:C:\Users\João\AppData\Roaming\npm\etc\npmrc
7 verbose title npm install
8 verbose argv "install"
9 verbose logfile logs-max:10 dir:C:\Development\Orange HRM\primeiros-passos-cypress\UsersJoãoAppDataRoamingnpm-cache\_logs\2025-05-06T15_07_11_874Z-
10 verbose logfile C:\Development\Orange HRM\primeiros-passos-cypress\UsersJoãoAppDataRoamingnpm-cache\_logs\2025-05-06T15_07_11_874Z-debug-0.log
11 silly logfile done cleaning log files
12 silly packumentCache heap:4345298944 maxSize:1086324736 maxEntrySize:543162368
13 silly idealTree buildDeps
14 verbose shrinkwrap failed to load node_modules/.package-lock.json out of date, updated: node_modules
15 silly reify moves {}
16 silly audit bulk request {
16 silly audit   '@colors/colors': [ '1.5.0' ],
16 silly audit   '@cypress/request': [ '3.0.8' ],
16 silly audit   '@cypress/xvfb': [ '1.2.4' ],
16 silly audit   debug: [ '3.2.7', '4.4.0' ],
16 silly audit   '@types/node': [ '22.15.3' ],
16 silly audit   '@types/sinonjs__fake-timers': [ '8.1.1' ],
16 silly audit   '@types/sizzle': [ '2.3.9' ],
16 silly audit   '@types/yauzl': [ '2.10.3' ],
16 silly audit   'aggregate-error': [ '3.1.0' ],
16 silly audit   'ansi-colors': [ '4.1.3' ],
16 silly audit   'ansi-escapes': [ '4.3.2' ],
16 silly audit   'ansi-regex': [ '5.0.1' ],
16 silly audit   'ansi-styles': [ '4.3.0' ],
16 silly audit   arch: [ '2.2.0' ],
16 silly audit   asn1: [ '0.2.6' ],
16 silly audit   'assert-plus': [ '1.0.0' ],
16 silly audit   'astral-regex': [ '2.0.0' ],
16 silly audit   async: [ '3.2.6' ],
16 silly audit   asynckit: [ '0.4.0' ],
16 silly audit   'at-least-node': [ '1.0.0' ],
16 silly audit   'aws-sign2': [ '0.7.0' ],
16 silly audit   aws4: [ '1.13.2' ],
16 silly audit   'base64-js': [ '1.5.1' ],
16 silly audit   'bcrypt-pbkdf': [ '1.0.2' ],
16 silly audit   'blob-util': [ '2.0.2' ],
16 silly audit   bluebird: [ '3.7.2' ],
16 silly audit   buffer: [ '5.7.1' ],
16 silly audit   'buffer-crc32': [ '0.2.13' ],
16 silly audit   cachedir: [ '2.4.0' ],
16 silly audit   'call-bind-apply-helpers': [ '1.0.2' ],
16 silly audit   'call-bound': [ '1.0.4' ],
16 silly audit   caseless: [ '0.12.0' ],
16 silly audit   chalk: [ '4.1.2' ],
16 silly audit   'supports-color': [ '7.2.0', '8.1.1' ],
16 silly audit   'check-more-types': [ '2.24.0' ],
16 silly audit   'ci-info': [ '4.2.0' ],
16 silly audit   'clean-stack': [ '2.2.0' ],
16 silly audit   'cli-cursor': [ '3.1.0' ],
16 silly audit   'cli-table3': [ '0.6.5' ],
16 silly audit   'cli-truncate': [ '2.1.0' ],
16 silly audit   'color-convert': [ '2.0.1' ],
16 silly audit   'color-name': [ '1.1.4' ],
16 silly audit   colorette: [ '2.0.20' ],
16 silly audit   'combined-stream': [ '1.0.8' ],
16 silly audit   commander: [ '6.2.1' ],
16 silly audit   'common-tags': [ '1.8.2' ],
16 silly audit   'core-util-is': [ '1.0.2' ],
16 silly audit   'cross-spawn': [ '7.0.6' ],
16 silly audit   cypress: [ '14.3.2' ],
16 silly audit   dashdash: [ '1.14.1' ],
16 silly audit   dayjs: [ '1.11.13' ],
16 silly audit   'delayed-stream': [ '1.0.0' ],
16 silly audit   'dunder-proto': [ '1.0.1' ],
16 silly audit   'ecc-jsbn': [ '0.1.2' ],
16 silly audit   'emoji-regex': [ '8.0.0' ],
16 silly audit   'end-of-stream': [ '1.4.4' ],
16 silly audit   enquirer: [ '2.4.1' ],
16 silly audit   'es-define-property': [ '1.0.1' ],
16 silly audit   'es-errors': [ '1.3.0' ],
16 silly audit   'es-object-atoms': [ '1.1.1' ],
16 silly audit   'es-set-tostringtag': [ '2.1.0' ],
16 silly audit   'escape-string-regexp': [ '1.0.5' ],
16 silly audit   eventemitter2: [ '6.4.7' ],
16 silly audit   execa: [ '4.1.0' ],
16 silly audit   executable: [ '4.1.1' ],
16 silly audit   extend: [ '3.0.2' ],
16 silly audit   'extract-zip': [ '2.0.1' ],
16 silly audit   extsprintf: [ '1.3.0' ],
16 silly audit   'fd-slicer': [ '1.1.0' ],
16 silly audit   figures: [ '3.2.0' ],
16 silly audit   'forever-agent': [ '0.6.1' ],
16 silly audit   'form-data': [ '4.0.2' ],
16 silly audit   'fs-extra': [ '9.1.0' ],
16 silly audit   'function-bind': [ '1.1.2' ],
16 silly audit   'get-intrinsic': [ '1.3.0' ],
16 silly audit   'get-proto': [ '1.0.1' ],
16 silly audit   'get-stream': [ '5.2.0' ],
16 silly audit   getos: [ '3.2.1' ],
16 silly audit   getpass: [ '0.1.7' ],
16 silly audit   'global-dirs': [ '3.0.1' ],
16 silly audit   gopd: [ '1.2.0' ],
16 silly audit   'graceful-fs': [ '4.2.11' ],
16 silly audit   'has-flag': [ '4.0.0' ],
16 silly audit   'has-symbols': [ '1.1.0' ],
16 silly audit   'has-tostringtag': [ '1.0.2' ],
16 silly audit   hasown: [ '2.0.2' ],
16 silly audit   'http-signature': [ '1.4.0' ],
16 silly audit   'human-signals': [ '1.1.1' ],
16 silly audit   ieee754: [ '1.2.1' ],
16 silly audit   'indent-string': [ '4.0.0' ],
16 silly audit   ini: [ '2.0.0' ],
16 silly audit   'is-fullwidth-code-point': [ '3.0.0' ],
16 silly audit   'is-installed-globally': [ '0.4.0' ],
16 silly audit   'is-path-inside': [ '3.0.3' ],
16 silly audit   'is-stream': [ '2.0.1' ],
16 silly audit   'is-typedarray': [ '1.0.0' ],
16 silly audit   'is-unicode-supported': [ '0.1.0' ],
16 silly audit   isexe: [ '2.0.0' ],
16 silly audit   isstream: [ '0.1.2' ],
16 silly audit   jsbn: [ '0.1.1' ],
16 silly audit   'json-schema': [ '0.4.0' ],
16 silly audit   'json-stringify-safe': [ '5.0.1' ],
16 silly audit   jsonfile: [ '6.1.0' ],
16 silly audit   jsprim: [ '2.0.2' ],
16 silly audit   'lazy-ass': [ '1.6.0' ],
16 silly audit   listr2: [ '3.14.0' ],
16 silly audit   lodash: [ '4.17.21' ],
16 silly audit   'lodash.once': [ '4.1.1' ],
16 silly audit   'log-symbols': [ '4.1.0' ],
16 silly audit   'log-update': [ '4.0.0' ],
16 silly audit   'slice-ansi': [ '4.0.0', '3.0.0' ],
16 silly audit   'wrap-ansi': [ '6.2.0', '7.0.0' ],
16 silly audit   'math-intrinsics': [ '1.1.0' ],
16 silly audit   'merge-stream': [ '2.0.0' ],
16 silly audit   'mime-db': [ '1.52.0' ],
16 silly audit   'mime-types': [ '2.1.35' ],
16 silly audit   'mimic-fn': [ '2.1.0' ],
16 silly audit   minimist: [ '1.2.8' ],
16 silly audit   ms: [ '2.1.3' ],
16 silly audit   'npm-run-path': [ '4.0.1' ],
16 silly audit   'object-inspect': [ '1.13.4' ],
16 silly audit   once: [ '1.4.0' ],
16 silly audit   onetime: [ '5.1.2' ],
16 silly audit   ospath: [ '1.2.2' ],
16 silly audit   'p-map': [ '4.0.0' ],
16 silly audit   'path-key': [ '3.1.1' ],
16 silly audit   pend: [ '1.2.0' ],
16 silly audit   'performance-now': [ '2.1.0' ],
16 silly audit   pify: [ '2.3.0' ],
16 silly audit   'pretty-bytes': [ '5.6.0' ],
16 silly audit   process: [ '0.11.10' ],
16 silly audit   'proxy-from-env': [ '1.0.0' ],
16 silly audit   pump: [ '3.0.2' ],
16 silly audit   qs: [ '6.14.0' ],
16 silly audit   'request-progress': [ '3.0.0' ],
16 silly audit   'restore-cursor': [ '3.1.0' ],
16 silly audit   rfdc: [ '1.4.1' ],
16 silly audit   rxjs: [ '7.8.2' ],
16 silly audit   'safe-buffer': [ '5.2.1' ],
16 silly audit   'safer-buffer': [ '2.1.2' ],
16 silly audit   semver: [ '7.7.1' ],
16 silly audit   'shebang-command': [ '2.0.0' ],
16 silly audit   'shebang-regex': [ '3.0.0' ],
16 silly audit   'side-channel': [ '1.1.0' ],
16 silly audit   'side-channel-list': [ '1.0.0' ],
16 silly audit   'side-channel-map': [ '1.0.1' ],
16 silly audit   'side-channel-weakmap': [ '1.0.2' ],
16 silly audit   'signal-exit': [ '3.0.7' ],
16 silly audit   sshpk: [ '1.18.0' ],
16 silly audit   'string-width': [ '4.2.3' ],
16 silly audit   'strip-ansi': [ '6.0.1' ],
16 silly audit   'strip-final-newline': [ '2.0.0' ],
16 silly audit   throttleit: [ '1.0.1' ],
16 silly audit   through: [ '2.3.8' ],
16 silly audit   tldts: [ '6.1.86' ],
16 silly audit   'tldts-core': [ '6.1.86' ],
16 silly audit   tmp: [ '0.2.3' ],
16 silly audit   'tough-cookie': [ '5.1.2' ],
16 silly audit   'tree-kill': [ '1.2.2' ],
16 silly audit   tslib: [ '2.8.1' ],
16 silly audit   'tunnel-agent': [ '0.6.0' ],
16 silly audit   tweetnacl: [ '0.14.5' ],
16 silly audit   'type-fest': [ '0.21.3' ],
16 silly audit   'undici-types': [ '6.21.0' ],
16 silly audit   universalify: [ '2.0.1' ],
16 silly audit   untildify: [ '4.0.0' ],
16 silly audit   uuid: [ '8.3.2' ],
16 silly audit   verror: [ '1.10.0' ],
16 silly audit   which: [ '2.0.2' ],
16 silly audit   wrappy: [ '1.0.2' ],
16 silly audit   yauzl: [ '2.10.0' ]
16 silly audit }
17 http fetch POST 200 https://registry.npmjs.org/-/npm/v1/security/advisories/bulk 360ms
18 silly audit report {}
19 verbose cwd C:\Development\Orange HRM\primeiros-passos-cypress
20 verbose os Windows_NT 10.0.19045
21 verbose node v22.15.0
22 verbose npm  v11.3.0
23 verbose exit 0
24 info ok
