0 verbose cli C:\Program Files\nodejs\node.exe C:\Users\João\AppData\Roaming\npm\node_modules\npm\bin\npm-cli.js
1 info using npm@11.3.0
2 info using node@v22.15.0
3 silly config load:file:C:\Users\João\AppData\Roaming\npm\node_modules\npm\npmrc
4 silly config load:file:C:\Development\Orange HRM\primeiros-passos-cypress\.npmrc
5 silly config load:file:C:\Users\João\.npmrc
6 silly config load:file:C:\Users\João\AppData\Roaming\npm\etc\npmrc
7 verbose title npm run build
8 verbose argv "run" "build"
9 verbose logfile logs-max:10 dir:C:\Development\Orange HRM\primeiros-passos-cypress\UsersJoãoAppDataRoamingnpm-cache\_logs\2025-05-06T15_07_21_991Z-
10 verbose logfile C:\Development\Orange HRM\primeiros-passos-cypress\UsersJoãoAppDataRoamingnpm-cache\_logs\2025-05-06T15_07_21_991Z-debug-0.log
11 silly logfile done cleaning log files
12 verbose stack Error: Missing script: "build"
12 verbose stack
12 verbose stack To see a list of scripts, run:
12 verbose stack   npm run
12 verbose stack     at #run (C:\Users\João\AppData\Roaming\npm\node_modules\npm\lib\commands\run-script.js:115:13)
12 verbose stack     at async RunScript.exec (C:\Users\João\AppData\Roaming\npm\node_modules\npm\lib\commands\run-script.js:44:7)
12 verbose stack     at async Npm.exec (C:\Users\João\AppData\Roaming\npm\node_modules\npm\lib\npm.js:208:9)
12 verbose stack     at async module.exports (C:\Users\João\AppData\Roaming\npm\node_modules\npm\lib\cli\entry.js:67:5)
13 error Missing script: "build"
13 error
13 error To see a list of scripts, run:
13 error   npm run
14 verbose cwd C:\Development\Orange HRM\primeiros-passos-cypress
15 verbose os Windows_NT 10.0.19045
16 verbose node v22.15.0
17 verbose npm  v11.3.0
18 verbose exit 1
19 verbose code 1
20 error A complete log of this run can be found in: C:\Development\Orange HRM\primeiros-passos-cypress\UsersJoãoAppDataRoamingnpm-cache\_logs\2025-05-06T15_07_21_991Z-debug-0.log
